2023-09-26 23:11:38,153 INFO c.e.d.SareetaApplicationTests [main] Starting SareetaApplicationTests using Java 17.0.8 on DESKTOP-F0T178L with PID 3568 (started by Thien in D:\Learning\Udacity\Workspace\P04-Security-DevOps-main)
2023-09-26 23:11:38,159 DEBUG c.e.d.SareetaApplicationTests [main] Running with Spring Boot v2.7.12, Spring v5.3.27
2023-09-26 23:11:38,160 INFO c.e.d.SareetaApplicationTests [main] No active profile set, falling back to 1 default profile: "default"
2023-09-26 23:11:41,058 INFO c.e.d.SareetaApplicationTests [main] Started SareetaApplicationTests in 3.062 seconds (JVM running for 4.063)
2023-09-26 23:11:41,294 INFO c.e.d.c.UserController [main] [USER_CREATE_SUCCESS]:User name test is successfully created
2023-09-26 23:11:41,297 ERROR c.e.d.c.UserController [main] [USER_FIND_FAILED][USER_NOT_FOUND]: User "notAName" cannot be found
2023-09-26 23:11:41,298 ERROR c.e.d.c.UserController [main] [USER_CREATE_FAILED]: Confirmed password does not match password.
2023-09-26 23:11:41,299 ERROR c.e.d.c.UserController [main] [USER_CREATE_FAILED]: password length must be greater than 7.
2023-09-26 23:11:41,335 INFO c.e.d.c.OrderController [main] [ORDER_CREATE_SUCCESS]: Order requests successes for user "test"
2023-09-26 23:11:41,336 INFO c.e.d.c.OrderController [main] [ORDER_HISTORY_SUCCESS]: Order history successes for user "test"
2023-09-26 23:11:41,336 ERROR c.e.d.c.OrderController [main] [ORDER_HISTORY_FAILED][USER_NOT_FOUND]: User "test" cannot be found
2023-09-26 23:11:41,337 ERROR c.e.d.c.OrderController [main] [ORDER_CREATE_FAILED][USER_NOT_FOUND]: User "test" cannot be found
